<?xml version="1.0" encoding="UTF-8"?>
<!-- Generated by org.testng.reporters.JUnitXMLReporter -->
<testsuite hostname="LAPTOP-D34DC2QJ" ignored="0" name="Test" tests="4" failures="0" timestamp="2020-05-15T07:09:24 IST" time="138.973" errors="0">
  <testcase name="loginTest01" time="49.173" classname="com.busyqa.test.TestCases.TC01_LoginTest"/>
  <testcase name="loginTest02" time="37.348" classname="com.busyqa.test.TestCases.TC02_LoginTest"/>
  <testcase name="loginTest03" time="2.714" classname="com.busyqa.test.TestCases.TC03_LoginTest"/>
  <testcase name="loginTest04" time="5.775" classname="com.busyqa.test.TestCases.TC04_LoginTest"/>
</testsuite> <!-- Test -->
